<?xml version="1.0" encoding="UTF-8"?>
<!-- Generated by org.testng.reporters.JUnitXMLReporter -->
<testsuite ignored="0" hostname="DESKTOP-C3N885J" failures="1" tests="1" name="Amazon" time="19.623" errors="0" timestamp="2024-01-18T09:39:29 IST">
  <testcase classname="testCase.FlipkartTest" name="price_compare" time="13.159">
    <failure type="java.lang.AssertionError" message="expected [₹75,999] but found [null]">
      <![CDATA[java.lang.AssertionError: expected [₹75,999] but found [null]
at testCase.FlipkartTest.price_compare(FlipkartTest.java:41)
at java.base/java.util.ArrayList.forEach(ArrayList.java:1511)
at java.base/java.util.concurrent.FutureTask.run(FutureTask.java:264)
at java.base/java.util.concurrent.ThreadPoolExecutor.runWorker(ThreadPoolExecutor.java:1136)
at java.base/java.util.concurrent.ThreadPoolExecutor$Worker.run(ThreadPoolExecutor.java:635)
at java.base/java.lang.Thread.run(Thread.java:840)
... Removed 23 stack frames]]>
    </failure>
  </testcase> <!-- price_compare -->
</testsuite> <!-- Amazon -->
